<?xml version="1.0" encoding="UTF-8"?>
<!-- Generated by org.testng.reporters.JUnitReportReporter -->
<testsuite hostname="DESKTOP-A1KVQ57" failures="0" tests="7" name="com.wizrspaceAPP.TestWizrspace" time="324.786" errors="0" timestamp="05 Mar 2024 09:01:13 GMT" skipped="0">
  <testcase classname="com.wizrspaceAPP.TestWizrspace" name="login" time="1.913"/>
  <testcase classname="com.wizrspaceAPP.TestWizrspace" name="wizr_space" time="20.951"/>
  <testcase classname="com.wizrspaceAPP.TestWizrspace" name="wizrspace_home" time="148.007"/>
  <testcase classname="com.wizrspaceAPP.TestWizrspace" name="changelogin" time="0.000"/>
  <testcase classname="com.wizrspaceAPP.TestWizrspace" name="recentpage" time="0.001"/>
  <testcase classname="com.wizrspaceAPP.TestWizrspace" name="duplicatefile_allOptioncheck" time="0.000"/>
  <testcase classname="com.wizrspaceAPP.TestWizrspace" name="Listviewpage" time="153.914"/>
</testsuite> <!-- com.wizrspaceAPP.TestWizrspace -->
